0 info it worked if it ends with ok
1 verbose cli [ 'C:\\Program Files (x86)\\nodejs\\\\node.exe',
1 verbose cli   'C:\\Program Files (x86)\\nodejs\\node_modules\\npm\\bin\\npm-cli.js',
1 verbose cli   'install',
1 verbose cli   '-g',
1 verbose cli   'v0.10.20' ]
2 info using npm@1.3.8
3 info using node@v0.10.18
4 verbose node symlink C:\Program Files (x86)\nodejs\\node.exe
5 verbose cache add [ 'v0.10.20', null ]
6 verbose cache add name=undefined spec="v0.10.20" args=["v0.10.20",null]
7 verbose parsed url { protocol: null,
7 verbose parsed url   slashes: null,
7 verbose parsed url   auth: null,
7 verbose parsed url   host: null,
7 verbose parsed url   port: null,
7 verbose parsed url   hostname: null,
7 verbose parsed url   hash: null,
7 verbose parsed url   search: null,
7 verbose parsed url   query: null,
7 verbose parsed url   pathname: 'v0.10.20',
7 verbose parsed url   path: 'v0.10.20',
7 verbose parsed url   href: 'v0.10.20' }
8 silly lockFile 66658758-v0-10-20 v0.10.20
9 verbose lock v0.10.20 C:\Users\Larry\AppData\Roaming\npm-cache\66658758-v0-10-20.lock
10 silly lockFile 66658758-v0-10-20 v0.10.20
11 silly lockFile 66658758-v0-10-20 v0.10.20
12 verbose addNamed [ 'v0.10.20', '' ]
13 verbose addNamed [ null, '*' ]
14 silly lockFile 5908d741-v0-10-20 v0.10.20@
15 verbose lock v0.10.20@ C:\Users\Larry\AppData\Roaming\npm-cache\5908d741-v0-10-20.lock
16 silly addNameRange { name: 'v0.10.20', range: '*', hasData: false }
17 verbose url raw v0.10.20
18 verbose url resolving [ 'https://registry.npmjs.org/', './v0.10.20' ]
19 verbose url resolved https://registry.npmjs.org/v0.10.20
20 info trying registry request attempt 1 at 12:45:12
21 http GET https://registry.npmjs.org/v0.10.20
22 http 404 https://registry.npmjs.org/v0.10.20
23 silly registry.get cb [ 404,
23 silly registry.get   { date: 'Thu, 07 Aug 2014 17:45:24 GMT',
23 silly registry.get     server: 'CouchDB/1.5.0 (Erlang OTP/R16B03)',
23 silly registry.get     'content-type': 'application/json',
23 silly registry.get     'cache-control': 'max-age=0',
23 silly registry.get     'content-length': '52',
23 silly registry.get     'accept-ranges': 'bytes',
23 silly registry.get     via: '1.1 varnish',
23 silly registry.get     age: '0',
23 silly registry.get     'x-served-by': 'cache-jfk1020-JFK',
23 silly registry.get     'x-cache': 'MISS',
23 silly registry.get     'x-cache-hits': '0',
23 silly registry.get     'x-timer': 'S1407433524.427105,VS0,VE41',
23 silly registry.get     'keep-alive': 'timeout=10, max=50',
23 silly registry.get     connection: 'Keep-Alive' } ]
24 silly lockFile 5908d741-v0-10-20 v0.10.20@
25 silly lockFile 5908d741-v0-10-20 v0.10.20@
26 error 404 'v0.10.20' is not in the npm registry.
26 error 404 You should bug the author to publish it
26 error 404
26 error 404 Note that you can also install from a
26 error 404 tarball, folder, or http url, or git url.
27 error System Windows_NT 6.1.7601
28 error command "C:\\Program Files (x86)\\nodejs\\\\node.exe" "C:\\Program Files (x86)\\nodejs\\node_modules\\npm\\bin\\npm-cli.js" "install" "-g" "v0.10.20"
29 error cwd D:\nodeProjects\MHCApp\public
30 error node -v v0.10.18
31 error npm -v 1.3.8
32 error code E404
33 verbose exit [ 1, true ]
